c:\users\miker\source\repos\repertoiregui\repertoiregui\x64\debug\vc141.pdb
c:\users\miker\source\repos\repertoiregui\repertoiregui\x64\debug\repertoiregui.obj
c:\users\miker\source\repos\repertoiregui\repertoiregui\x64\debug\main.obj
c:\users\miker\source\repos\repertoiregui\repertoiregui\x64\debug\moc_repertoiregui.obj
c:\users\miker\source\repos\repertoiregui\repertoiregui\x64\debug\qrc_repertoiregui.obj
c:\users\miker\source\repos\repertoiregui\repertoiregui\generatedfiles\debug\moc_repertoiregui.cpp
c:\users\miker\source\repos\repertoiregui\repertoiregui\generatedfiles\ui_repertoiregui.h
c:\users\miker\source\repos\repertoiregui\repertoiregui\generatedfiles\qrc_repertoiregui.cpp
c:\users\miker\source\repos\repertoiregui\x64\debug\repertoiregui.ilk
c:\users\miker\source\repos\repertoiregui\x64\debug\repertoiregui.exe
c:\users\miker\source\repos\repertoiregui\x64\debug\repertoiregui.pdb
c:\users\miker\source\repos\repertoiregui\x64\debug\repertoiregui.lib
c:\users\miker\source\repos\repertoiregui\x64\debug\repertoiregui.exp
c:\users\miker\source\repos\repertoiregui\repertoiregui\x64\debug\repertoiregui.tlog\cl.command.1.tlog
c:\users\miker\source\repos\repertoiregui\repertoiregui\x64\debug\repertoiregui.tlog\cl.read.1.tlog
c:\users\miker\source\repos\repertoiregui\repertoiregui\x64\debug\repertoiregui.tlog\cl.write.1.tlog
c:\users\miker\source\repos\repertoiregui\repertoiregui\x64\debug\repertoiregui.tlog\custombuild.command.1.tlog
c:\users\miker\source\repos\repertoiregui\repertoiregui\x64\debug\repertoiregui.tlog\custombuild.read.1.tlog
c:\users\miker\source\repos\repertoiregui\repertoiregui\x64\debug\repertoiregui.tlog\custombuild.write.1.tlog
c:\users\miker\source\repos\repertoiregui\repertoiregui\x64\debug\repertoiregui.tlog\link.command.1.tlog
c:\users\miker\source\repos\repertoiregui\repertoiregui\x64\debug\repertoiregui.tlog\link.read.1.tlog
c:\users\miker\source\repos\repertoiregui\repertoiregui\x64\debug\repertoiregui.tlog\link.write.1.tlog
c:\users\miker\source\repos\repertoiregui\repertoiregui\x64\debug\repertoiregui.tlog\repertoiregui.write.1u.tlog
